# JRE version: OpenJDK Runtime Environment Zulu17.50+19-CA (17.0.11+9) (build 17.0.11+9-LTS)
# Java VM: OpenJDK 64-Bit Server VM Zulu17.50+19-CA (17.0.11+9-LTS, mixed mode, sharing, tiered, compressed oops, compressed class ptrs, g1 gc, windows-amd64)
GC Precious Log:
 CPUs: 16 total, 16 available
 Memory: 16087M
 Large Page Support: Disabled
 NUMA Support: Disabled
 Compressed Oops: Enabled (Zero based)
 Heap Region Size: 2M
 Heap Min Capacity: 8M
 Heap Initial Capacity: 252M
 Heap Max Capacity: 4022M
 Pre-touch: Disabled
 Parallel Workers: 13
 Concurrent Workers: 3
 Concurrent Refinement Workers: 13
 Periodic GC: Disabled
Heap:
 garbage-first heap   total 159744K, used 111946K [0x0000000704a00000, 0x0000000800000000)
  region size 2048K, 41 young (83968K), 4 survivors (8192K)
 Metaspace       used 31351K, committed 31616K, reserved 1114112K
  class space    used 4292K, committed 4416K, reserved 1048576K
GC Heap History (20 events):
Event: 0.451 GC heap before
{Heap before GC invocations=0 (full 0):
 garbage-first heap   total 258048K, used 22528K [0x0000000704a00000, 0x0000000800000000)
  region size 2048K, 11 young (22528K), 0 survivors (0K)
 Metaspace       used 6148K, committed 6336K, reserved 1114112K
  class space    used 660K, committed 768K, reserved 1048576K
}
Event: 0.453 GC heap after
{Heap after GC invocations=1 (full 0):
 garbage-first heap   total 258048K, used 3670K [0x0000000704a00000, 0x0000000800000000)
  region size 2048K, 2 young (4096K), 2 survivors (4096K)
 Metaspace       used 6148K, committed 6336K, reserved 1114112K
  class space    used 660K, committed 768K, reserved 1048576K
}
Event: 0.952 GC heap before
{Heap before GC invocations=1 (full 0):
 garbage-first heap   total 258048K, used 38486K [0x0000000704a00000, 0x0000000800000000)
  region size 2048K, 19 young (38912K), 2 survivors (4096K)
 Metaspace       used 14401K, committed 14656K, reserved 1114112K
  class space    used 1717K, committed 1856K, reserved 1048576K
}
Event: 0.956 GC heap after
{Heap after GC invocations=2 (full 0):
 garbage-first heap   total 258048K, used 8302K [0x0000000704a00000, 0x0000000800000000)
  region size 2048K, 3 young (6144K), 3 survivors (6144K)
 Metaspace       used 14401K, committed 14656K, reserved 1114112K
  class space    used 1717K, committed 1856K, reserved 1048576K
}
Event: 1.350 GC heap before
{Heap before GC invocations=2 (full 0):
 garbage-first heap   total 258048K, used 49262K [0x0000000704a00000, 0x0000000800000000)
  region size 2048K, 24 young (49152K), 3 survivors (6144K)
 Metaspace       used 21275K, committed 21504K, reserved 1114112K
  class space    used 2635K, committed 2752K, reserved 1048576K
}
Event: 1.354 GC heap after
{Heap after GC invocations=3 (full 0):
 garbage-first heap   total 258048K, used 14720K [0x0000000704a00000, 0x0000000800000000)
  region size 2048K, 5 young (10240K), 5 survivors (10240K)
 Metaspace       used 21275K, committed 21504K, reserved 1114112K
  class space    used 2635K, committed 2752K, reserved 1048576K
}
Event: 1.712 GC heap before
{Heap before GC invocations=4 (full 0):
 garbage-first heap   total 61440K, used 41344K [0x0000000704a00000, 0x0000000800000000)
  region size 2048K, 18 young (36864K), 5 survivors (10240K)
 Metaspace       used 25604K, committed 25920K, reserved 1114112K
  class space    used 3512K, committed 3648K, reserved 1048576K
}
Event: 1.718 GC heap after
{Heap after GC invocations=5 (full 0):
 garbage-first heap   total 61440K, used 20823K [0x0000000704a00000, 0x0000000800000000)
  region size 2048K, 3 young (6144K), 3 survivors (6144K)
 Metaspace       used 25604K, committed 25920K, reserved 1114112K
  class space    used 3512K, committed 3648K, reserved 1048576K
}
Event: 1.758 GC heap before
{Heap before GC invocations=5 (full 0):
 garbage-first heap   total 61440K, used 22871K [0x0000000704a00000, 0x0000000800000000)
  region size 2048K, 4 young (8192K), 3 survivors (6144K)
 Metaspace       used 25683K, committed 25984K, reserved 1114112K
  class space    used 3515K, committed 3648K, reserved 1048576K
}
Event: 1.761 GC heap after
{Heap after GC invocations=6 (full 0):
 garbage-first heap   total 61440K, used 21838K [0x0000000704a00000, 0x0000000800000000)
  region size 2048K, 1 young (2048K), 1 survivors (2048K)
 Metaspace       used 25683K, committed 25984K, reserved 1114112K
  class space    used 3515K, committed 3648K, reserved 1048576K
}
Event: 1.909 GC heap before
{Heap before GC invocations=6 (full 0):
 garbage-first heap   total 61440K, used 42318K [0x0000000704a00000, 0x0000000800000000)
  region size 2048K, 11 young (22528K), 1 survivors (2048K)
 Metaspace       used 26222K, committed 26560K, reserved 1114112K
  class space    used 3562K, committed 3712K, reserved 1048576K
}
Event: 1.913 GC heap after
{Heap after GC invocations=7 (full 0):
 garbage-first heap   total 61440K, used 28672K [0x0000000704a00000, 0x0000000800000000)
  region size 2048K, 2 young (4096K), 2 survivors (4096K)
 Metaspace       used 26222K, committed 26560K, reserved 1114112K
  class space    used 3562K, committed 3712K, reserved 1048576K
}
Event: 6.799 GC heap before
{Heap before GC invocations=7 (full 0):
 garbage-first heap   total 61440K, used 45056K [0x0000000704a00000, 0x0000000800000000)
  region size 2048K, 9 young (18432K), 2 survivors (4096K)
 Metaspace       used 28000K, committed 28288K, reserved 1114112K
  class space    used 3708K, committed 3840K, reserved 1048576K
}
Event: 6.807 GC heap after
{Heap after GC invocations=8 (full 0):
 garbage-first heap   total 159744K, used 36010K [0x0000000704a00000, 0x0000000800000000)
  region size 2048K, 2 young (4096K), 2 survivors (4096K)
 Metaspace       used 28000K, committed 28288K, reserved 1114112K
  class space    used 3708K, committed 3840K, reserved 1048576K
}
Event: 11.168 GC heap before
{Heap before GC invocations=8 (full 0):
 garbage-first heap   total 159744K, used 99498K [0x0000000704a00000, 0x0000000800000000)
  region size 2048K, 33 young (67584K), 2 survivors (4096K)
 Metaspace       used 28356K, committed 28672K, reserved 1114112K
  class space    used 3747K, committed 3904K, reserved 1048576K
}
Event: 11.171 GC heap after
{Heap after GC invocations=9 (full 0):
 garbage-first heap   total 159744K, used 36925K [0x0000000704a00000, 0x0000000800000000)
  region size 2048K, 3 young (6144K), 3 survivors (6144K)
 Metaspace       used 28356K, committed 28672K, reserved 1114112K
  class space    used 3747K, committed 3904K, reserved 1048576K
}
Event: 16.591 GC heap before
{Heap before GC invocations=9 (full 0):
 garbage-first heap   total 159744K, used 112701K [0x0000000704a00000, 0x0000000800000000)
  region size 2048K, 40 young (81920K), 3 survivors (6144K)
 Metaspace       used 28489K, committed 28800K, reserved 1114112K
  class space    used 3749K, committed 3904K, reserved 1048576K
}
Event: 16.595 GC heap after
{Heap after GC invocations=10 (full 0):
 garbage-first heap   total 159744K, used 37192K [0x0000000704a00000, 0x0000000800000000)
  region size 2048K, 3 young (6144K), 3 survivors (6144K)
 Metaspace       used 28489K, committed 28800K, reserved 1114112K
  class space    used 3749K, committed 3904K, reserved 1048576K
}
Event: 27.680 GC heap before
{Heap before GC invocations=10 (full 0):
 garbage-first heap   total 159744K, used 121160K [0x0000000704a00000, 0x0000000800000000)
  region size 2048K, 44 young (90112K), 3 survivors (6144K)
 Metaspace       used 29923K, committed 30208K, reserved 1114112K
  class space    used 4013K, committed 4160K, reserved 1048576K
}
Event: 27.684 GC heap after
{Heap after GC invocations=11 (full 0):
 garbage-first heap   total 159744K, used 38218K [0x0000000704a00000, 0x0000000800000000)
  region size 2048K, 4 young (8192K), 4 survivors (8192K)
 Metaspace       used 29923K, committed 30208K, reserved 1114112K
  class space    used 4013K, committed 4160K, reserved 1048576K
}

