# JRE version: OpenJDK Runtime Environment Zulu17.50+19-CA (17.0.11+9) (build 17.0.11+9-LTS)
# Java VM: OpenJDK 64-Bit Server VM Zulu17.50+19-CA (17.0.11+9-LTS, mixed mode, sharing, tiered, compressed oops, compressed class ptrs, g1 gc, windows-amd64)
GC Precious Log:
 CPUs: 16 total, 16 available
 Memory: 16087M
 Large Page Support: Disabled
 NUMA Support: Disabled
 Compressed Oops: Enabled (Zero based)
 Heap Region Size: 2M
 Heap Min Capacity: 8M
 Heap Initial Capacity: 252M
 Heap Max Capacity: 4022M
 Pre-touch: Disabled
 Parallel Workers: 13
 Concurrent Workers: 3
 Concurrent Refinement Workers: 13
 Periodic GC: Disabled
Heap:
 garbage-first heap   total 159744K, used 43477K [0x0000000704a00000, 0x0000000800000000)
  region size 2048K, 6 young (12288K), 3 survivors (6144K)
 Metaspace       used 32353K, committed 32640K, reserved 1114112K
  class space    used 4367K, committed 4480K, reserved 1048576K
GC Heap History (20 events):
Event: 0.474 GC heap before
{Heap before GC invocations=0 (full 0):
 garbage-first heap   total 258048K, used 20480K [0x0000000704a00000, 0x0000000800000000)
  region size 2048K, 11 young (22528K), 0 survivors (0K)
 Metaspace       used 5511K, committed 5696K, reserved 1114112K
  class space    used 611K, committed 704K, reserved 1048576K
}
Event: 0.476 GC heap after
{Heap after GC invocations=1 (full 0):
 garbage-first heap   total 258048K, used 3750K [0x0000000704a00000, 0x0000000800000000)
  region size 2048K, 2 young (4096K), 2 survivors (4096K)
 Metaspace       used 5511K, committed 5696K, reserved 1114112K
  class space    used 611K, committed 704K, reserved 1048576K
}
Event: 0.974 GC heap before
{Heap before GC invocations=1 (full 0):
 garbage-first heap   total 258048K, used 36518K [0x0000000704a00000, 0x0000000800000000)
  region size 2048K, 19 young (38912K), 2 survivors (4096K)
 Metaspace       used 14327K, committed 14592K, reserved 1114112K
  class space    used 1710K, committed 1856K, reserved 1048576K
}
Event: 0.977 GC heap after
{Heap after GC invocations=2 (full 0):
 garbage-first heap   total 258048K, used 8400K [0x0000000704a00000, 0x0000000800000000)
  region size 2048K, 3 young (6144K), 3 survivors (6144K)
 Metaspace       used 14327K, committed 14592K, reserved 1114112K
  class space    used 1710K, committed 1856K, reserved 1048576K
}
Event: 1.417 GC heap before
{Heap before GC invocations=2 (full 0):
 garbage-first heap   total 258048K, used 51408K [0x0000000704a00000, 0x0000000800000000)
  region size 2048K, 25 young (51200K), 3 survivors (6144K)
 Metaspace       used 21279K, committed 21504K, reserved 1114112K
  class space    used 2637K, committed 2752K, reserved 1048576K
}
Event: 1.422 GC heap after
{Heap after GC invocations=3 (full 0):
 garbage-first heap   total 258048K, used 14792K [0x0000000704a00000, 0x0000000800000000)
  region size 2048K, 5 young (10240K), 5 survivors (10240K)
 Metaspace       used 21279K, committed 21504K, reserved 1114112K
  class space    used 2637K, committed 2752K, reserved 1048576K
}
Event: 1.843 GC heap before
{Heap before GC invocations=4 (full 0):
 garbage-first heap   total 61440K, used 41416K [0x0000000704a00000, 0x0000000800000000)
  region size 2048K, 18 young (36864K), 5 survivors (10240K)
 Metaspace       used 25771K, committed 26048K, reserved 1114112K
  class space    used 3519K, committed 3648K, reserved 1048576K
}
Event: 1.849 GC heap after
{Heap after GC invocations=5 (full 0):
 garbage-first heap   total 61440K, used 21045K [0x0000000704a00000, 0x0000000800000000)
  region size 2048K, 3 young (6144K), 3 survivors (6144K)
 Metaspace       used 25771K, committed 26048K, reserved 1114112K
  class space    used 3519K, committed 3648K, reserved 1048576K
}
Event: 1.863 GC heap before
{Heap before GC invocations=5 (full 0):
 garbage-first heap   total 61440K, used 23093K [0x0000000704a00000, 0x0000000800000000)
  region size 2048K, 4 young (8192K), 3 survivors (6144K)
 Metaspace       used 25839K, committed 26112K, reserved 1114112K
  class space    used 3529K, committed 3648K, reserved 1048576K
}
Event: 1.866 GC heap after
{Heap after GC invocations=6 (full 0):
 garbage-first heap   total 61440K, used 23031K [0x0000000704a00000, 0x0000000800000000)
  region size 2048K, 1 young (2048K), 1 survivors (2048K)
 Metaspace       used 25839K, committed 26112K, reserved 1114112K
  class space    used 3529K, committed 3648K, reserved 1048576K
}
Event: 2.023 GC heap before
{Heap before GC invocations=6 (full 0):
 garbage-first heap   total 61440K, used 41463K [0x0000000704a00000, 0x0000000800000000)
  region size 2048K, 10 young (20480K), 1 survivors (2048K)
 Metaspace       used 26234K, committed 26496K, reserved 1114112K
  class space    used 3565K, committed 3712K, reserved 1048576K
}
Event: 2.027 GC heap after
{Heap after GC invocations=7 (full 0):
 garbage-first heap   total 61440K, used 28892K [0x0000000704a00000, 0x0000000800000000)
  region size 2048K, 2 young (4096K), 2 survivors (4096K)
 Metaspace       used 26234K, committed 26496K, reserved 1114112K
  class space    used 3565K, committed 3712K, reserved 1048576K
}
Event: 2.183 GC heap before
{Heap before GC invocations=7 (full 0):
 garbage-first heap   total 61440K, used 39132K [0x0000000704a00000, 0x0000000800000000)
  region size 2048K, 8 young (16384K), 2 survivors (4096K)
 Metaspace       used 27357K, committed 27648K, reserved 1114112K
  class space    used 3674K, committed 3776K, reserved 1048576K
}
Event: 2.189 GC heap after
{Heap after GC invocations=8 (full 0):
 garbage-first heap   total 159744K, used 34061K [0x0000000704a00000, 0x0000000800000000)
  region size 2048K, 1 young (2048K), 1 survivors (2048K)
 Metaspace       used 27357K, committed 27648K, reserved 1114112K
  class space    used 3674K, committed 3776K, reserved 1048576K
}
Event: 10.183 GC heap before
{Heap before GC invocations=8 (full 0):
 garbage-first heap   total 159744K, used 101645K [0x0000000704a00000, 0x0000000800000000)
  region size 2048K, 33 young (67584K), 1 survivors (2048K)
 Metaspace       used 30780K, committed 31040K, reserved 1114112K
  class space    used 4258K, committed 4352K, reserved 1048576K
}
Event: 10.186 GC heap after
{Heap after GC invocations=9 (full 0):
 garbage-first heap   total 159744K, used 38109K [0x0000000704a00000, 0x0000000800000000)
  region size 2048K, 2 young (4096K), 2 survivors (4096K)
 Metaspace       used 30780K, committed 31040K, reserved 1114112K
  class space    used 4258K, committed 4352K, reserved 1048576K
}
Event: 67.953 GC heap before
{Heap before GC invocations=9 (full 0):
 garbage-first heap   total 159744K, used 111837K [0x0000000704a00000, 0x0000000800000000)
  region size 2048K, 38 young (77824K), 2 survivors (4096K)
 Metaspace       used 32185K, committed 32512K, reserved 1114112K
  class space    used 4357K, committed 4480K, reserved 1048576K
}
Event: 67.956 GC heap after
{Heap after GC invocations=10 (full 0):
 garbage-first heap   total 159744K, used 39095K [0x0000000704a00000, 0x0000000800000000)
  region size 2048K, 3 young (6144K), 3 survivors (6144K)
 Metaspace       used 32185K, committed 32512K, reserved 1114112K
  class space    used 4357K, committed 4480K, reserved 1048576K
}
Event: 76.216 GC heap before
{Heap before GC invocations=10 (full 0):
 garbage-first heap   total 159744K, used 114871K [0x0000000704a00000, 0x0000000800000000)
  region size 2048K, 40 young (81920K), 3 survivors (6144K)
 Metaspace       used 32327K, committed 32576K, reserved 1114112K
  class space    used 4364K, committed 4480K, reserved 1048576K
}
Event: 76.226 GC heap after
{Heap after GC invocations=11 (full 0):
 garbage-first heap   total 159744K, used 39381K [0x0000000704a00000, 0x0000000800000000)
  region size 2048K, 3 young (6144K), 3 survivors (6144K)
 Metaspace       used 32327K, committed 32576K, reserved 1114112K
  class space    used 4364K, committed 4480K, reserved 1048576K
}

